This file contains any messages produced by compilers while
running configure, to aid debugging if configure makes a mistake.

It was created by configure, which was
generated by GNU Autoconf 2.59.  Invocation command line was

  $ ./configure --cache-file=/root/ttt/ganglia-3.3.0/config.cache

## --------- ##
## Platform. ##
## --------- ##

hostname = master1
uname -m = x86_64
uname -r = 2.6.32-279.el6.x86_64
uname -s = Linux
uname -v = #1 SMP Wed Jun 13 18:24:36 EDT 2012

/usr/bin/uname -p = unknown
/bin/uname -X     = unknown

/bin/arch              = x86_64
/usr/bin/arch -k       = unknown
/usr/convex/getsysinfo = unknown
hostinfo               = unknown
/bin/machine           = unknown
/usr/bin/oslevel       = unknown
/bin/universe          = unknown

PATH: /usr/lib64/qt-3.3/bin
PATH: /usr/NX/bin
PATH: /opt/ganglia/bin
PATH: /usr/lib/jvm/jdk1.6.0_35/bin
PATH: /usr/lib/jvm/jdk1.6.0_35/jre/bin
PATH: /usr/local/sbin
PATH: /usr/local/bin
PATH: /sbin
PATH: /bin
PATH: /usr/sbin
PATH: /usr/bin
PATH: /usr/lpp/mmfs/bin
PATH: /usr/vac/bin
PATH: .
PATH: /u/steve/bin
PATH: /usr/lpp/mmfs/bin
PATH: .
PATH: /root/bin


## ----------- ##
## Core tests. ##
## ----------- ##

configure:1409: loading cache /root/ttt/ganglia-3.3.0/config.cache
configure:1539: checking for a BSD-compatible install
configure:1594: result: /usr/bin/install -c
configure:1605: checking whether build environment is sane
configure:1648: result: yes
configure:1713: checking for gawk
configure:1739: result: gawk
configure:1749: checking whether make sets $(MAKE)
configure:1769: result: yes
configure:1944: checking build system type
configure:1962: result: x86_64-unknown-linux-gnu
configure:1970: checking host system type
configure:1984: result: x86_64-unknown-linux-gnu
configure:2040: checking for gcc
configure:2066: result: gcc
configure:2310: checking for C compiler version
configure:2313: gcc --version </dev/null >&5
gcc (GCC) 4.4.6 20120305 (Red Hat 4.4.6-4)
Copyright (C) 2010 Free Software Foundation, Inc.
This is free software; see the source for copying conditions.  There is NO
warranty; not even for MERCHANTABILITY or FITNESS FOR A PARTICULAR PURPOSE.

configure:2316: $? = 0
configure:2318: gcc -v </dev/null >&5
Using built-in specs.
Target: x86_64-redhat-linux
Configured with: ../configure --prefix=/usr --mandir=/usr/share/man --infodir=/usr/share/info --with-bugurl=http://bugzilla.redhat.com/bugzilla --enable-bootstrap --enable-shared --enable-threads=posix --enable-checking=release --with-system-zlib --enable-__cxa_atexit --disable-libunwind-exceptions --enable-gnu-unique-object --enable-languages=c,c++,objc,obj-c++,java,fortran,ada --enable-java-awt=gtk --disable-dssi --with-java-home=/usr/lib/jvm/java-1.5.0-gcj-1.5.0.0/jre --enable-libgcj-multifile --enable-java-maintainer-mode --with-ecj-jar=/usr/share/java/eclipse-ecj.jar --disable-libjava-multilib --with-ppl --with-cloog --with-tune=generic --with-arch_32=i686 --build=x86_64-redhat-linux
Thread model: posix
gcc version 4.4.6 20120305 (Red Hat 4.4.6-4) (GCC) 
configure:2321: $? = 0
configure:2323: gcc -V </dev/null >&5
gcc: '-V' option must have argument
configure:2326: $? = 1
configure:2349: checking for C compiler default output file name
configure:2352: gcc    conftest.c  >&5
configure:2355: $? = 0
configure:2401: result: a.out
configure:2406: checking whether the C compiler works
configure:2412: ./a.out
configure:2415: $? = 0
configure:2432: result: yes
configure:2439: checking whether we are cross compiling
configure:2441: result: no
configure:2444: checking for suffix of executables
configure:2446: gcc -o conftest    conftest.c  >&5
configure:2449: $? = 0
configure:2474: result: 
configure:2480: checking for suffix of object files
configure:2526: result: o
configure:2530: checking whether we are using the GNU C compiler
configure:2586: result: yes
configure:2592: checking whether gcc accepts -g
configure:2643: result: yes
configure:2660: checking for gcc option to accept ANSI C
configure:2767: result: none needed
configure:2785: gcc -c -g -O2  conftest.c >&5
conftest.c:2: error: expected '=', ',', ';', 'asm' or '__attribute__' before 'me'
configure:2791: $? = 1
configure: failed program was:
| #ifndef __cplusplus
|   choke me
| #endif
configure:2935: checking for style of include used by make
configure:2963: result: GNU
configure:2991: checking dependency style of gcc
configure:3081: result: gcc3
configure:3171: checking for a sed that does not truncate output
configure:3227: result: /bin/sed
configure:3230: checking for egrep
configure:3240: result: grep -E
configure:3256: checking for ld used by gcc
configure:3323: result: /usr/bin/ld
configure:3332: checking if the linker (/usr/bin/ld) is GNU ld
configure:3347: result: yes
configure:3352: checking for /usr/bin/ld option to reload object files
configure:3359: result: -r
configure:3377: checking for BSD-compatible nm
configure:3426: result: /usr/bin/nm -B
configure:3430: checking whether ln -s works
configure:3434: result: yes
configure:3441: checking how to recognise dependent libraries
configure:3617: result: pass_all
configure:3705: gcc -c -g -O2  conftest.c >&5
configure:3708: $? = 0
configure:3854: checking how to run the C preprocessor
configure:3972: result: gcc -E
configure:3996: gcc -E  conftest.c
configure:4002: $? = 0
configure:4034: gcc -E  conftest.c
conftest.c:11:28: error: ac_nonexistent.h: No such file or directory
configure:4040: $? = 1
configure: failed program was:
| /* confdefs.h.  */
| 
| #define PACKAGE_NAME ""
| #define PACKAGE_TARNAME ""
| #define PACKAGE_VERSION ""
| #define PACKAGE_STRING ""
| #define PACKAGE_BUGREPORT ""
| #define PACKAGE "libmetrics"
| #define VERSION "201303201914"
| /* end confdefs.h.  */
| #include <ac_nonexistent.h>
configure:4084: checking for ANSI C header files
configure:4240: result: yes
configure:4264: checking for sys/types.h
configure:4310: result: yes
configure:4264: checking for sys/stat.h
configure:4310: result: yes
configure:4264: checking for stdlib.h
configure:4310: result: yes
configure:4264: checking for string.h
configure:4310: result: yes
configure:4264: checking for memory.h
configure:4310: result: yes
configure:4264: checking for strings.h
configure:4310: result: yes
configure:4264: checking for inttypes.h
configure:4310: result: yes
configure:4264: checking for stdint.h
configure:4310: result: yes
configure:4264: checking for unistd.h
configure:4310: result: yes
configure:4327: checking for dlfcn.h
configure:4332: result: yes
configure:4524: checking for g++
configure:4550: result: g++
configure:4566: checking for C++ compiler version
configure:4569: g++ --version </dev/null >&5
g++ (GCC) 4.4.6 20120305 (Red Hat 4.4.6-4)
Copyright (C) 2010 Free Software Foundation, Inc.
This is free software; see the source for copying conditions.  There is NO
warranty; not even for MERCHANTABILITY or FITNESS FOR A PARTICULAR PURPOSE.

configure:4572: $? = 0
configure:4574: g++ -v </dev/null >&5
Using built-in specs.
Target: x86_64-redhat-linux
Configured with: ../configure --prefix=/usr --mandir=/usr/share/man --infodir=/usr/share/info --with-bugurl=http://bugzilla.redhat.com/bugzilla --enable-bootstrap --enable-shared --enable-threads=posix --enable-checking=release --with-system-zlib --enable-__cxa_atexit --disable-libunwind-exceptions --enable-gnu-unique-object --enable-languages=c,c++,objc,obj-c++,java,fortran,ada --enable-java-awt=gtk --disable-dssi --with-java-home=/usr/lib/jvm/java-1.5.0-gcj-1.5.0.0/jre --enable-libgcj-multifile --enable-java-maintainer-mode --with-ecj-jar=/usr/share/java/eclipse-ecj.jar --disable-libjava-multilib --with-ppl --with-cloog --with-tune=generic --with-arch_32=i686 --build=x86_64-redhat-linux
Thread model: posix
gcc version 4.4.6 20120305 (Red Hat 4.4.6-4) (GCC) 
configure:4577: $? = 0
configure:4579: g++ -V </dev/null >&5
g++: '-V' option must have argument
configure:4582: $? = 1
configure:4585: checking whether we are using the GNU C++ compiler
configure:4641: result: yes
configure:4647: checking whether g++ accepts -g
configure:4698: result: yes
configure:4740: g++ -c -g -O2  conftest.cc >&5
configure:4746: $? = 0
configure:4750: test -z 
			 || test ! -s conftest.err
configure:4753: $? = 0
configure:4756: test -s conftest.o
configure:4759: $? = 0
configure:4785: g++ -c -g -O2  conftest.cc >&5
conftest.cc: In function 'int main()':
conftest.cc:26: error: 'exit' was not declared in this scope
configure:4791: $? = 1
configure: failed program was:
| /* confdefs.h.  */
| 
| #define PACKAGE_NAME ""
| #define PACKAGE_TARNAME ""
| #define PACKAGE_VERSION ""
| #define PACKAGE_STRING ""
| #define PACKAGE_BUGREPORT ""
| #define PACKAGE "libmetrics"
| #define VERSION "201303201914"
| #define STDC_HEADERS 1
| #define HAVE_SYS_TYPES_H 1
| #define HAVE_SYS_STAT_H 1
| #define HAVE_STDLIB_H 1
| #define HAVE_STRING_H 1
| #define HAVE_MEMORY_H 1
| #define HAVE_STRINGS_H 1
| #define HAVE_INTTYPES_H 1
| #define HAVE_STDINT_H 1
| #define HAVE_UNISTD_H 1
| #define HAVE_DLFCN_H 1
| /* end confdefs.h.  */
| 
| int
| main ()
| {
| exit (42);
|   ;
|   return 0;
| }
configure:4740: g++ -c -g -O2  conftest.cc >&5
conftest.cc:22: error: 'void std::exit(int)' should have been declared inside 'std'
configure:4746: $? = 1
configure: failed program was:
| /* confdefs.h.  */
| 
| #define PACKAGE_NAME ""
| #define PACKAGE_TARNAME ""
| #define PACKAGE_VERSION ""
| #define PACKAGE_STRING ""
| #define PACKAGE_BUGREPORT ""
| #define PACKAGE "libmetrics"
| #define VERSION "201303201914"
| #define STDC_HEADERS 1
| #define HAVE_SYS_TYPES_H 1
| #define HAVE_SYS_STAT_H 1
| #define HAVE_STDLIB_H 1
| #define HAVE_STRING_H 1
| #define HAVE_MEMORY_H 1
| #define HAVE_STRINGS_H 1
| #define HAVE_INTTYPES_H 1
| #define HAVE_STDINT_H 1
| #define HAVE_UNISTD_H 1
| #define HAVE_DLFCN_H 1
| /* end confdefs.h.  */
| extern "C" void std::exit (int) throw (); using std::exit;
| #include <stdlib.h>
| int
| main ()
| {
| exit (42);
|   ;
|   return 0;
| }
configure:4740: g++ -c -g -O2  conftest.cc >&5
conftest.cc:22: error: 'void std::exit(int)' should have been declared inside 'std'
In file included from conftest.cc:23:
/usr/include/stdlib.h:544: error: declaration of 'void std::exit(int) throw ()' throws different exceptions
conftest.cc:22: error: from previous declaration 'void std::exit(int)'
configure:4746: $? = 1
configure: failed program was:
| /* confdefs.h.  */
| 
| #define PACKAGE_NAME ""
| #define PACKAGE_TARNAME ""
| #define PACKAGE_VERSION ""
| #define PACKAGE_STRING ""
| #define PACKAGE_BUGREPORT ""
| #define PACKAGE "libmetrics"
| #define VERSION "201303201914"
| #define STDC_HEADERS 1
| #define HAVE_SYS_TYPES_H 1
| #define HAVE_SYS_STAT_H 1
| #define HAVE_STDLIB_H 1
| #define HAVE_STRING_H 1
| #define HAVE_MEMORY_H 1
| #define HAVE_STRINGS_H 1
| #define HAVE_INTTYPES_H 1
| #define HAVE_STDINT_H 1
| #define HAVE_UNISTD_H 1
| #define HAVE_DLFCN_H 1
| /* end confdefs.h.  */
| extern "C" void std::exit (int); using std::exit;
| #include <stdlib.h>
| int
| main ()
| {
| exit (42);
|   ;
|   return 0;
| }
configure:4740: g++ -c -g -O2  conftest.cc >&5
configure:4746: $? = 0
configure:4750: test -z 
			 || test ! -s conftest.err
configure:4753: $? = 0
configure:4756: test -s conftest.o
configure:4759: $? = 0
configure:4785: g++ -c -g -O2  conftest.cc >&5
configure:4791: $? = 0
configure:4795: test -z 
			 || test ! -s conftest.err
configure:4798: $? = 0
configure:4801: test -s conftest.o
configure:4804: $? = 0
configure:4829: checking dependency style of g++
configure:4919: result: gcc3
configure:4946: checking how to run the C++ preprocessor
configure:5060: result: g++ -E
configure:5084: g++ -E  conftest.cc
configure:5090: $? = 0
configure:5122: g++ -E  conftest.cc
conftest.cc:25:28: error: ac_nonexistent.h: No such file or directory
configure:5128: $? = 1
configure: failed program was:
| /* confdefs.h.  */
| 
| #define PACKAGE_NAME ""
| #define PACKAGE_TARNAME ""
| #define PACKAGE_VERSION ""
| #define PACKAGE_STRING ""
| #define PACKAGE_BUGREPORT ""
| #define PACKAGE "libmetrics"
| #define VERSION "201303201914"
| #define STDC_HEADERS 1
| #define HAVE_SYS_TYPES_H 1
| #define HAVE_SYS_STAT_H 1
| #define HAVE_STDLIB_H 1
| #define HAVE_STRING_H 1
| #define HAVE_MEMORY_H 1
| #define HAVE_STRINGS_H 1
| #define HAVE_INTTYPES_H 1
| #define HAVE_STDINT_H 1
| #define HAVE_UNISTD_H 1
| #define HAVE_DLFCN_H 1
| #ifdef __cplusplus
| extern "C" void exit (int) throw ();
| #endif
| /* end confdefs.h.  */
| #include <ac_nonexistent.h>
configure:5225: checking for g77
configure:5251: result: f95
configure:5266: checking for Fortran 77 compiler version
configure:5269: f95 --version </dev/null >&5
GNU Fortran (GCC) 4.4.6 20120305 (Red Hat 4.4.6-4)
Copyright (C) 2010 Free Software Foundation, Inc.

GNU Fortran comes with NO WARRANTY, to the extent permitted by law.
You may redistribute copies of GNU Fortran
under the terms of the GNU General Public License.
For more information about these matters, see the file named COPYING

configure:5272: $? = 0
configure:5274: f95 -v </dev/null >&5
Using built-in specs.
Target: x86_64-redhat-linux
Configured with: ../configure --prefix=/usr --mandir=/usr/share/man --infodir=/usr/share/info --with-bugurl=http://bugzilla.redhat.com/bugzilla --enable-bootstrap --enable-shared --enable-threads=posix --enable-checking=release --with-system-zlib --enable-__cxa_atexit --disable-libunwind-exceptions --enable-gnu-unique-object --enable-languages=c,c++,objc,obj-c++,java,fortran,ada --enable-java-awt=gtk --disable-dssi --with-java-home=/usr/lib/jvm/java-1.5.0-gcj-1.5.0.0/jre --enable-libgcj-multifile --enable-java-maintainer-mode --with-ecj-jar=/usr/share/java/eclipse-ecj.jar --disable-libjava-multilib --with-ppl --with-cloog --with-tune=generic --with-arch_32=i686 --build=x86_64-redhat-linux
Thread model: posix
gcc version 4.4.6 20120305 (Red Hat 4.4.6-4) (GCC) 
configure:5277: $? = 0
configure:5279: f95 -V </dev/null >&5
f95: '-V' option must have argument
configure:5282: $? = 1
configure:5290: checking whether we are using the GNU Fortran 77 compiler
configure:5336: result: yes
configure:5342: checking whether f95 accepts -g
configure:5385: result: yes
configure:5415: checking the maximum length of command line arguments
configure:5524: result: 32768
configure:5535: checking command to parse /usr/bin/nm -B output from gcc object
configure:5743: result: ok
configure:5747: checking for objdir
configure:5762: result: .libs
configure:5852: checking for ar
configure:5879: result: ar
configure:5932: checking for ranlib
configure:5959: result: ranlib
configure:6012: checking for strip
configure:6039: result: strip
configure:6311: checking if gcc supports -fno-rtti -fno-exceptions
configure:6346: result: no
configure:6361: checking for gcc option to produce PIC
configure:6571: result: -fPIC
configure:6579: checking if gcc PIC flag -fPIC works
configure:6597: gcc -c -g -O2  -fPIC -DPIC conftest.c >&5
configure:6601: $? = 0
configure:6614: result: yes
configure:6642: checking if gcc static flag -static works
configure:6670: result: no
configure:6680: checking if gcc supports -c -o file.o
configure:6727: result: yes
configure:6753: checking whether the gcc linker (/usr/bin/ld -m elf_x86_64) supports shared libraries
configure:7711: result: yes
configure:7732: checking whether -lc should be explicitly linked in
configure:7737: gcc -c -g -O2  conftest.c >&5
configure:7740: $? = 0
configure:7755: gcc -shared conftest.o  -v -Wl,-soname -Wl,conftest -o conftest 2\>\&1 \| grep  -lc  \>/dev/null 2\>\&1
configure:7758: $? = 0
configure:7770: result: no
configure:7778: checking dynamic linker characteristics
configure:8171: gcc -c -g -O2  conftest.c >&5
configure:8174: $? = 0
configure:8387: result: GNU/Linux ld.so
configure:8396: checking how to hardcode library paths into programs
configure:8421: result: immediate
configure:8435: checking whether stripping libraries is possible
configure:8440: result: yes
configure:9274: checking if libtool supports shared libraries
configure:9276: result: yes
configure:9279: checking whether to build shared libraries
configure:9300: result: yes
configure:9303: checking whether to build static libraries
configure:9307: result: yes
configure:9399: creating libtool
configure:9990: checking for ld used by g++
configure:10057: result: /usr/bin/ld -m elf_x86_64
configure:10066: checking if the linker (/usr/bin/ld -m elf_x86_64) is GNU ld
configure:10081: result: yes
configure:10132: checking whether the g++ linker (/usr/bin/ld -m elf_x86_64) supports shared libraries
configure:11070: result: yes
configure:11088: g++ -c -g -O2  conftest.cpp >&5
configure:11091: $? = 0
configure:11210: checking for g++ option to produce PIC
configure:11484: result: -fPIC
configure:11492: checking if g++ PIC flag -fPIC works
configure:11510: g++ -c -g -O2  -fPIC -DPIC conftest.cpp >&5
configure:11514: $? = 0
configure:11527: result: yes
configure:11555: checking if g++ static flag -static works
configure:11583: result: no
configure:11593: checking if g++ supports -c -o file.o
configure:11640: result: yes
configure:11666: checking whether the g++ linker (/usr/bin/ld -m elf_x86_64) supports shared libraries
configure:11691: result: yes
configure:11758: checking dynamic linker characteristics
configure:12151: g++ -c -g -O2  conftest.cpp >&5
configure:12154: $? = 0
configure:12367: result: GNU/Linux ld.so
configure:12376: checking how to hardcode library paths into programs
configure:12401: result: immediate
configure:12930: checking if libtool supports shared libraries
configure:12932: result: yes
configure:12935: checking whether to build shared libraries
configure:12955: result: yes
configure:12958: checking whether to build static libraries
configure:12962: result: yes
configure:12972: checking for f95 option to produce PIC
configure:13182: result: -fPIC
configure:13190: checking if f95 PIC flag -fPIC works
configure:13208: f95 -c -g -O2 -fPIC conftest.f >&5
configure:13212: $? = 0
configure:13225: result: yes
configure:13253: checking if f95 static flag -static works
configure:13281: result: no
configure:13291: checking if f95 supports -c -o file.o
configure:13338: result: yes
configure:13364: checking whether the f95 linker (/usr/bin/ld -m elf_x86_64) supports shared libraries
configure:14302: result: yes
configure:14369: checking dynamic linker characteristics
configure:14762: f95 -c -g -O2 conftest.f >&5
Warning: conftest.f:1: Illegal preprocessor directive
configure:14765: $? = 0
configure:14978: result: GNU/Linux ld.so
configure:14987: checking how to hardcode library paths into programs
configure:15012: result: immediate
configure:18608: checking for kinfo_get_cpus in -lkinfo
configure:18670: result: no
configure:18682: checking for kstat_open in -lkstat
configure:18744: result: no
configure:18756: checking for kvm_open in -lkvm
configure:18818: result: no
configure:18830: checking for odm_initialize in -lodm
configure:18892: result: no
configure:18904: checking for _system_configuration in -lcfg
configure:18966: result: no
configure:18978: checking for perfstat_cpu_total in -lperfstat
configure:19040: result: no
configure:19052: checking for main in -lsocket
configure:19108: result: no
configure:19121: checking for main in -lresolv
configure:19177: result: yes
configure:19190: checking for main in -lnsl
configure:19246: result: yes
configure:19268: checking for dirent.h that defines DIR
configure:19322: result: yes
configure:19335: checking for library containing opendir
configure:19454: result: none required
configure:19590: checking for ANSI C header files
configure:19746: result: yes
configure:19780: checking for fcntl.h
configure:19785: result: yes
configure:19780: checking for inttypes.h
configure:19785: result: yes
configure:19780: checking for limits.h
configure:19785: result: yes
configure:19780: checking for nlist.h
configure:19785: result: no
configure:19780: checking for paths.h
configure:19785: result: yes
configure:19780: checking for stdlib.h
configure:19785: result: yes
configure:19780: checking for strings.h
configure:19785: result: yes
configure:19780: checking for sys/filsys.h
configure:19785: result: no
configure:19780: checking for sys/fs/s5param.h
configure:19785: result: no
configure:19780: checking for sys/mount.h
configure:19785: result: yes
configure:19780: checking for sys/param.h
configure:19785: result: yes
configure:19780: checking for sys/socket.h
configure:19785: result: yes
configure:19780: checking for sys/statfs.h
configure:19785: result: yes
configure:19780: checking for sys/statvfs.h
configure:19785: result: yes
configure:19780: checking for sys/systeminfo.h
configure:19785: result: no
configure:19780: checking for sys/time.h
configure:19785: result: yes
configure:19780: checking for sys/vfs.h
configure:19785: result: yes
configure:19780: checking for unistd.h
configure:19785: result: yes
configure:19780: checking for utmp.h
configure:19785: result: yes
configure:19780: checking for sys/sockio.h
configure:19785: result: no
configure:19928: checking if sockaddr{} has sa_len member
configure:19981: result: no
configure:19991: checking for an ANSI C-conforming const
configure:20088: result: yes
configure:20098: checking for off_t
configure:20152: result: yes
configure:20164: checking for pid_t
configure:20218: result: yes
configure:20230: checking for size_t
configure:20284: result: yes
configure:20296: checking whether time.h and sys/time.h may both be included
configure:20351: result: yes
configure:20362: checking if uchar_t defined
configure:20490: result: no
configure:20500: checking if int8_t defined
configure:20628: result: yes
configure:20638: checking if uint8_t defined
configure:20766: result: yes
configure:20776: checking if int16_t defined
configure:20904: result: yes
configure:20914: checking if uint16_t defined
configure:21042: result: yes
configure:21052: checking if int32_t defined
configure:21180: result: yes
configure:21190: checking if uint32_t defined
configure:21318: result: yes
configure:21328: checking if size_t defined
configure:21456: result: yes
configure:21466: checking if ssize_t defined
configure:21594: result: yes
configure:21604: checking if socklen_t defined
configure:21732: result: yes
configure:21744: checking whether closedir returns void
configure:21795: result: no
configure:21806: checking whether gcc needs -traditional
configure:21848: result: no
configure:21860: checking for stdlib.h
configure:21865: result: yes
configure:22005: checking for GNU libc compatible malloc
configure:22056: result: yes
configure:22091: checking for stdlib.h
configure:22096: result: yes
configure:22236: checking for GNU libc compatible realloc
configure:22287: result: yes
configure:22317: checking whether lstat dereferences a symlink specified with a trailing slash
configure:22377: result: yes
configure:22398: checking whether stat accepts an empty string
configure:22445: result: no
configure:22463: checking for working strtod
configure:22528: result: yes
configure:22724: checking for getmntinfo
configure:22812: result: no
configure:22724: checking for getpagesize
configure:22812: result: yes
configure:22724: checking for gettimeofday
configure:22812: result: yes
configure:22724: checking for memset
configure:22812: result: yes
configure:22724: checking for pstat_getdynamic
configure:22812: result: no
configure:22724: checking for strchr
configure:22812: result: yes
configure:22724: checking for strdup
configure:22812: result: yes
configure:22724: checking for strndup
configure:22812: result: yes
configure:22724: checking for strpbrk
configure:22812: result: yes
configure:22724: checking for strstr
configure:22812: result: yes
configure:22724: checking for strtol
configure:22812: result: yes
configure:22724: checking for sysinfo
configure:22812: result: yes
configure:22724: checking for uname
configure:22812: result: yes
configure:22724: checking for vsnprintf
configure:22812: result: yes
configure:22724: checking for strlcat
configure:22812: result: no
configure:23073: creating ./config.status

## ---------------------- ##
## Running config.status. ##
## ---------------------- ##

This file was extended by config.status, which was
generated by GNU Autoconf 2.59.  Invocation command line was

  CONFIG_FILES    = 
  CONFIG_HEADERS  = 
  CONFIG_LINKS    = 
  CONFIG_COMMANDS = 
  $ ./config.status 

on master1

config.status:731: creating Makefile
config.status:731: creating tests/Makefile
config.status:731: creating aix/Makefile
config.status:731: creating cygwin/Makefile
config.status:731: creating darwin/Makefile
config.status:731: creating dragonfly/Makefile
config.status:731: creating freebsd/Makefile
config.status:731: creating hpux/Makefile
config.status:731: creating irix/Makefile
config.status:731: creating linux/Makefile
config.status:731: creating mingw/Makefile
config.status:731: creating netbsd/Makefile
config.status:731: creating openbsd/Makefile
config.status:731: creating osf/Makefile
config.status:731: creating solaris/Makefile
config.status:835: creating config.h
config.status:1221: executing depfiles commands

## ---------------- ##
## Cache variables. ##
## ---------------- ##

ac_cv_build=x86_64-unknown-linux-gnu
ac_cv_build_alias=x86_64-unknown-linux-gnu
ac_cv_c_compiler_gnu=yes
ac_cv_c_const=yes
ac_cv_cxx_compiler_gnu=yes
ac_cv_env_CC_set=
ac_cv_env_CC_value=
ac_cv_env_CFLAGS_set=
ac_cv_env_CFLAGS_value=
ac_cv_env_CPPFLAGS_set=
ac_cv_env_CPPFLAGS_value=
ac_cv_env_CPP_set=
ac_cv_env_CPP_value=
ac_cv_env_CXXCPP_set=
ac_cv_env_CXXCPP_value=
ac_cv_env_CXXFLAGS_set=
ac_cv_env_CXXFLAGS_value=
ac_cv_env_CXX_set=
ac_cv_env_CXX_value=
ac_cv_env_F77_set=
ac_cv_env_F77_value=
ac_cv_env_FFLAGS_set=
ac_cv_env_FFLAGS_value=
ac_cv_env_LDFLAGS_set=
ac_cv_env_LDFLAGS_value=
ac_cv_env_build_alias_set=
ac_cv_env_build_alias_value=
ac_cv_env_host_alias_set=
ac_cv_env_host_alias_value=
ac_cv_env_target_alias_set=
ac_cv_env_target_alias_value=
ac_cv_exeext=
ac_cv_f77_compiler_gnu=yes
ac_cv_func_closedir_void=no
ac_cv_func_getmntinfo=no
ac_cv_func_getpagesize=yes
ac_cv_func_gettimeofday=yes
ac_cv_func_lstat_dereferences_slashed_symlink=yes
ac_cv_func_malloc_0_nonnull=yes
ac_cv_func_memset=yes
ac_cv_func_pstat_getdynamic=no
ac_cv_func_realloc_0_nonnull=yes
ac_cv_func_stat_empty_string_bug=no
ac_cv_func_strchr=yes
ac_cv_func_strdup=yes
ac_cv_func_strlcat=no
ac_cv_func_strndup=yes
ac_cv_func_strpbrk=yes
ac_cv_func_strstr=yes
ac_cv_func_strtod=yes
ac_cv_func_strtol=yes
ac_cv_func_sysinfo=yes
ac_cv_func_uname=yes
ac_cv_func_vsnprintf=yes
ac_cv_header_dirent_dirent_h=yes
ac_cv_header_dlfcn_h=yes
ac_cv_header_fcntl_h=yes
ac_cv_header_inttypes_h=yes
ac_cv_header_limits_h=yes
ac_cv_header_memory_h=yes
ac_cv_header_nlist_h=no
ac_cv_header_paths_h=yes
ac_cv_header_stdc=yes
ac_cv_header_stdint_h=yes
ac_cv_header_stdlib_h=yes
ac_cv_header_string_h=yes
ac_cv_header_strings_h=yes
ac_cv_header_sys_filsys_h=no
ac_cv_header_sys_fs_s5param_h=no
ac_cv_header_sys_mount_h=yes
ac_cv_header_sys_param_h=yes
ac_cv_header_sys_socket_h=yes
ac_cv_header_sys_sockio_h=no
ac_cv_header_sys_stat_h=yes
ac_cv_header_sys_statfs_h=yes
ac_cv_header_sys_statvfs_h=yes
ac_cv_header_sys_systeminfo_h=no
ac_cv_header_sys_time_h=yes
ac_cv_header_sys_types_h=yes
ac_cv_header_sys_vfs_h=yes
ac_cv_header_time=yes
ac_cv_header_unistd_h=yes
ac_cv_header_utmp_h=yes
ac_cv_host=x86_64-unknown-linux-gnu
ac_cv_host_alias=x86_64-unknown-linux-gnu
ac_cv_lib_cfg__system_configuration=no
ac_cv_lib_kinfo_kinfo_get_cpus=no
ac_cv_lib_kstat_kstat_open=no
ac_cv_lib_kvm_kvm_open=no
ac_cv_lib_nsl=ac_cv_lib_nsl_main
ac_cv_lib_nsl_main=yes
ac_cv_lib_odm_odm_initialize=no
ac_cv_lib_perfstat_perfstat_cpu_total=no
ac_cv_lib_resolv=ac_cv_lib_resolv_main
ac_cv_lib_resolv_main=yes
ac_cv_lib_socket=ac_cv_lib_socket_main
ac_cv_lib_socket_main=no
ac_cv_objext=o
ac_cv_path_install='/usr/bin/install -c'
ac_cv_prog_AWK=gawk
ac_cv_prog_CPP='gcc -E'
ac_cv_prog_CXXCPP='g++ -E'
ac_cv_prog_ac_ct_AR=ar
ac_cv_prog_ac_ct_CC=gcc
ac_cv_prog_ac_ct_CXX=g++
ac_cv_prog_ac_ct_F77=f95
ac_cv_prog_ac_ct_RANLIB=ranlib
ac_cv_prog_ac_ct_STRIP=strip
ac_cv_prog_cc_g=yes
ac_cv_prog_cc_stdc=
ac_cv_prog_cxx_g=yes
ac_cv_prog_egrep='grep -E'
ac_cv_prog_f77_g=yes
ac_cv_prog_gcc_traditional=no
ac_cv_prog_make_make_set=yes
ac_cv_search_opendir='none required'
ac_cv_sockaddr_has_sa_len=no
ac_cv_type_int16_t=yes
ac_cv_type_int32_t=yes
ac_cv_type_int8_t=yes
ac_cv_type_off_t=yes
ac_cv_type_pid_t=yes
ac_cv_type_size_t=yes
ac_cv_type_socklen_t=yes
ac_cv_type_ssize_t=yes
ac_cv_type_uchar_t=no
ac_cv_type_uint16_t=yes
ac_cv_type_uint32_t=yes
ac_cv_type_uint8_t=yes
am_cv_CC_dependencies_compiler_type=gcc3
am_cv_CXX_dependencies_compiler_type=gcc3
lt_cv_deplibs_check_method=pass_all
lt_cv_file_magic_cmd='$MAGIC_CMD'
lt_cv_file_magic_test_file=
lt_cv_ld_reload_flag=-r
lt_cv_objdir=.libs
lt_cv_path_LD=/usr/bin/ld
lt_cv_path_LDCXX='/usr/bin/ld -m elf_x86_64'
lt_cv_path_NM='/usr/bin/nm -B'
lt_cv_path_SED=/bin/sed
lt_cv_prog_compiler_c_o=yes
lt_cv_prog_compiler_c_o_CXX=yes
lt_cv_prog_compiler_c_o_F77=yes
lt_cv_prog_compiler_rtti_exceptions=no
lt_cv_prog_gnu_ld=yes
lt_cv_prog_gnu_ldcxx=yes
lt_cv_sys_global_symbol_pipe='sed -n -e '\''s/^.*[ 	]\([ABCDGIRSTW][ABCDGIRSTW]*\)[ 	][ 	]*\([_A-Za-z][_A-Za-z0-9]*\)$/\1 \2 \2/p'\'''
lt_cv_sys_global_symbol_to_c_name_address='sed -n -e '\''s/^: \([^ ]*\) $/  {\"\1\", (lt_ptr) 0},/p'\'' -e '\''s/^[BCDEGRST] \([^ ]*\) \([^ ]*\)$/  {"\2", (lt_ptr) \&\2},/p'\'''
lt_cv_sys_global_symbol_to_cdecl='sed -n -e '\''s/^. .* \(.*\)$/extern int \1;/p'\'''
lt_cv_sys_max_cmd_len=32768
lt_lt_cv_prog_compiler_c_o='"yes"'
lt_lt_cv_prog_compiler_c_o_CXX='"yes"'
lt_lt_cv_prog_compiler_c_o_F77='"yes"'
lt_lt_cv_sys_global_symbol_pipe='"sed -n -e '\''s/^.*[ 	]\\([ABCDGIRSTW][ABCDGIRSTW]*\\)[ 	][ 	]*\\([_A-Za-z][_A-Za-z0-9]*\\)\$/\\1 \\2 \\2/p'\''"'
lt_lt_cv_sys_global_symbol_to_c_name_address='"sed -n -e '\''s/^: \\([^ ]*\\) \$/  {\\\"\\1\\\", (lt_ptr) 0},/p'\'' -e '\''s/^[BCDEGRST] \\([^ ]*\\) \\([^ ]*\\)\$/  {\"\\2\", (lt_ptr) \\&\\2},/p'\''"'
lt_lt_cv_sys_global_symbol_to_cdecl='"sed -n -e '\''s/^. .* \\(.*\\)\$/extern int \\1;/p'\''"'

## ----------------- ##
## Output variables. ##
## ----------------- ##

ACLOCAL='${SHELL} /root/ttt/ganglia-3.3.0/libmetrics/build/missing --run aclocal-1.9'
AMDEPBACKSLASH='\'
AMDEP_FALSE='#'
AMDEP_TRUE=''
AMTAR='${SHELL} /root/ttt/ganglia-3.3.0/libmetrics/build/missing --run tar'
AR='ar'
AUTOCONF='${SHELL} /root/ttt/ganglia-3.3.0/libmetrics/build/missing --run autoconf'
AUTOHEADER='${SHELL} /root/ttt/ganglia-3.3.0/libmetrics/build/missing --run autoheader'
AUTOMAKE='${SHELL} /root/ttt/ganglia-3.3.0/libmetrics/build/missing --run automake-1.9'
AWK='gawk'
CC='gcc'
CCDEPMODE='depmode=gcc3'
CFLAGS='-g -O2 -Wall'
CPP='gcc -E'
CPPFLAGS=''
CXX='g++'
CXXCPP='g++ -E'
CXXDEPMODE='depmode=gcc3'
CXXFLAGS='-g -O2'
CYGPATH_W='echo'
DEFS='-DHAVE_CONFIG_H'
DEPDIR='.deps'
ECHO='echo'
ECHO_C=''
ECHO_N='-n'
ECHO_T=''
EGREP='grep -E'
EXEEXT=''
F77='f95'
FFLAGS='-g -O2'
INSTALL_DATA='${INSTALL} -m 644'
INSTALL_PROGRAM='${INSTALL}'
INSTALL_SCRIPT='${INSTALL}'
INSTALL_STRIP_PROGRAM='${SHELL} $(install_sh) -c -s'
LDFLAGS=''
LIBOBJS=''
LIBS='-lnsl -lresolv '
LIBTOOL='$(SHELL) $(top_builddir)/libtool'
LN_S='ln -s'
LTLIBOBJS=''
MAKEINFO='${SHELL} /root/ttt/ganglia-3.3.0/libmetrics/build/missing --run makeinfo'
OBJEXT='o'
OS='linux'
PACKAGE='libmetrics'
PACKAGE_BUGREPORT=''
PACKAGE_NAME=''
PACKAGE_STRING=''
PACKAGE_TARNAME=''
PACKAGE_VERSION=''
PATH_SEPARATOR=':'
POW_LIB=''
RANLIB='ranlib'
SED='/bin/sed'
SET_MAKE=''
SHELL='/bin/sh'
STRIP='strip'
VERSION='201303201914'
ac_ct_AR='ar'
ac_ct_CC='gcc'
ac_ct_CXX='g++'
ac_ct_F77='f95'
ac_ct_RANLIB='ranlib'
ac_ct_STRIP='strip'
am__fastdepCC_FALSE='#'
am__fastdepCC_TRUE=''
am__fastdepCXX_FALSE='#'
am__fastdepCXX_TRUE=''
am__include='include'
am__leading_dot='.'
am__quote=''
am__tar='${AMTAR} chof - "$$tardir"'
am__untar='${AMTAR} xf -'
bindir='${exec_prefix}/bin'
build='x86_64-unknown-linux-gnu'
build_alias=''
build_cpu='x86_64'
build_os='linux-gnu'
build_vendor='unknown'
datadir='${prefix}/share'
exec_prefix='${prefix}'
host='x86_64-unknown-linux-gnu'
host_alias=''
host_cpu='x86_64'
host_os='linux-gnu'
host_vendor='unknown'
includedir='${prefix}/include'
infodir='${prefix}/info'
install_sh='/root/ttt/ganglia-3.3.0/libmetrics/build/install-sh'
libdir='${exec_prefix}/lib'
libexecdir='${exec_prefix}/libexec'
localstatedir='${prefix}/var'
mandir='${prefix}/man'
mkdir_p='mkdir -p --'
oldincludedir='/usr/include'
prefix='/usr/local'
program_transform_name='s,x,x,'
sbindir='${exec_prefix}/sbin'
sharedstatedir='${prefix}/com'
sysconfdir='${prefix}/etc'
target_alias=''

## ----------- ##
## confdefs.h. ##
## ----------- ##

#define HAVE_DIRENT_H 1
#define HAVE_DLFCN_H 1
#define HAVE_FCNTL_H 1
#define HAVE_GETPAGESIZE 1
#define HAVE_GETTIMEOFDAY 1
#define HAVE_INTTYPES_H 1
#define HAVE_INTTYPES_H 1
#define HAVE_LIBNSL 1
#define HAVE_LIBRESOLV 1
#define HAVE_LIMITS_H 1
#define HAVE_MALLOC 1
#define HAVE_MEMORY_H 1
#define HAVE_MEMSET 1
#define HAVE_PATHS_H 1
#define HAVE_REALLOC 1
#define HAVE_STDINT_H 1
#define HAVE_STDLIB_H 1
#define HAVE_STDLIB_H 1
#define HAVE_STDLIB_H 1
#define HAVE_STDLIB_H 1
#define HAVE_STRCHR 1
#define HAVE_STRDUP 1
#define HAVE_STRINGS_H 1
#define HAVE_STRINGS_H 1
#define HAVE_STRING_H 1
#define HAVE_STRNDUP 1
#define HAVE_STRPBRK 1
#define HAVE_STRSTR 1
#define HAVE_STRTOL 1
#define HAVE_SYSINFO 1
#define HAVE_SYS_MOUNT_H 1
#define HAVE_SYS_PARAM_H 1
#define HAVE_SYS_SOCKET_H 1
#define HAVE_SYS_STATFS_H 1
#define HAVE_SYS_STATVFS_H 1
#define HAVE_SYS_STAT_H 1
#define HAVE_SYS_TIME_H 1
#define HAVE_SYS_TYPES_H 1
#define HAVE_SYS_VFS_H 1
#define HAVE_UNAME 1
#define HAVE_UNISTD_H 1
#define HAVE_UNISTD_H 1
#define HAVE_UTMP_H 1
#define HAVE_VSNPRINTF 1
#define LINUX 1
#define LSTAT_FOLLOWS_SLASHED_SYMLINK 1
#define PACKAGE "libmetrics"
#define PACKAGE_BUGREPORT ""
#define PACKAGE_NAME ""
#define PACKAGE_STRING ""
#define PACKAGE_TARNAME ""
#define PACKAGE_VERSION ""
#define STAT_STATVFS 1
#define STDC_HEADERS 1
#define STDC_HEADERS 1
#define TIME_WITH_SYS_TIME 1
#define VERSION "201303201914"
#define uchar_t unsigned char
#endif
#ifdef __cplusplus
extern "C" void exit (int) throw ();

configure: exit 0
